#
# There is insufficient memory for the Java Runtime Environment to continue.
# Native memory allocation (malloc) failed to allocate 1460184 bytes. Error detail: Chunk::new
# Possible reasons:
#   The system is out of physical RAM or swap space
#   This process is running with CompressedOops enabled, and the Java Heap may be blocking the growth of the native heap
# Possible solutions:
#   Reduce memory load on the system
#   Increase physical memory or swap space
#   Check if swap backing store is full
#   Decrease Java heap size (-Xmx/-Xms)
#   Decrease number of Java threads
#   Decrease Java thread stack sizes (-Xss)
#   Set larger code cache with -XX:ReservedCodeCacheSize=
#   JVM is running with Unscaled Compressed Oops mode in which the Java heap is
#     placed in the first 4GB address space. The Java Heap base address is the
#     maximum limit for the native heap growth. Please use -XX:HeapBaseMinAddress
#     to set the Java Heap base and to place the Java Heap above 4GB virtual address.
# This output file may be truncated or incomplete.
#
#  Out of Memory Error (arena.cpp:186), pid=2208, tid=46128
#
# JRE version: OpenJDK Runtime Environment (25.0+36) (build 25+36-3489)
# Java VM: OpenJDK 64-Bit Server VM (25+36-3489, mixed mode, sharing, tiered, compressed oops, compressed class ptrs, g1 gc, windows-amd64)
# No core dump will be written. Minidumps are not enabled by default on client versions of Windows
#

---------------  S U M M A R Y ------------

Command Line: --module-path=C:\Users\innoc\Downloads\openjfx-25_windows-x64_bin-sdk\javafx-sdk-25\lib --add-modules=javafx.controls,javafx.fxml -javaagent:C:\Program Files\JetBrains\IntelliJ IDEA 2025.2.2\lib\idea_rt.jar=58603 -Dfile.encoding=UTF-8 -Dsun.stdout.encoding=UTF-8 -Dsun.stderr.encoding=UTF-8 com.comp2042.Main

Host: Intel(R) Core(TM) i5-1035G1 CPU @ 1.00GHz, 8 cores, 7G,  Windows 11 , 64 bit Build 26100 (10.0.26100.5074)
Time: Thu Oct 16 16:14:49 2025 Malay Peninsula Standard Time elapsed time: 2.266102 seconds (0d 0h 0m 2s)

---------------  T H R E A D  ---------------

Current thread (0x000001b5c71abf20):  JavaThread "C2 CompilerThread1" daemon [_thread_in_native, id=46128, stack(0x00000094ae200000,0x00000094ae300000) (1024K)]


Current CompileTask:
C2:2266  378       4       java.util.stream.ReduceOps$3ReducingSink::accept (15 bytes)

Stack: [0x00000094ae200000,0x00000094ae300000]
Native frames: (J=compiled Java code, j=interpreted, Vv=VM code, C=native code)
V  [jvm.dll+0x7a6a39]  (no source info available)
V  [jvm.dll+0x7727ed]  (no source info available)
V  [jvm.dll+0x965f33]  (no source info available)
V  [jvm.dll+0x968531]  (no source info available)
V  [jvm.dll+0x968c33]  (no source info available)
V  [jvm.dll+0x2fc756]  (no source info available)
V  [jvm.dll+0x111b26]  (no source info available)
V  [jvm.dll+0x111e4e]  (no source info available)
V  [jvm.dll+0x1a0a22]  (no source info available)
V  [jvm.dll+0x3b53c2]  (no source info available)
V  [jvm.dll+0x7ac3cf]  (no source info available)
V  [jvm.dll+0x2c0ac7]  (no source info available)
V  [jvm.dll+0x2bfa8f]  (no source info available)
V  [jvm.dll+0x237b60]  (no source info available)
V  [jvm.dll+0x2cfb56]  (no source info available)
V  [jvm.dll+0x2cddd5]  (no source info available)
V  [jvm.dll+0x48e671]  (no source info available)
V  [jvm.dll+0x90681d]  (no source info available)
V  [jvm.dll+0x7a5015]  (no source info available)
C  [ucrtbase.dll+0x37b0]  (no source info available)
C  [KERNEL32.DLL+0x2e8d7]  (no source info available)
C  [ntdll.dll+0x8d9c]  (no source info available)

Lock stack of current Java thread (top to bottom):


---------------  P R O C E S S  ---------------

Threads class SMR info:
_java_thread_list=0x000001b5c710edb0, length=12, elements={
0x000001b5a40ecd50, 0x000001b5c2c6bfa0, 0x000001b5c2c6ca00, 0x000001b5c2c71890,
0x000001b5c2c72450, 0x000001b5c2c73010, 0x000001b5c2c73d00, 0x000001b5c2c7ee70,
0x000001b5c2c8f920, 0x000001b5c7089390, 0x000001b5c71abf20, 0x000001b5c71bc740
}

Java Threads: ( => current thread )
  0x000001b5a40ecd50 JavaThread "main"                              [_thread_in_native, id=20280, stack(0x00000094ad100000,0x00000094ad200000) (1024K)]
  0x000001b5c2c6bfa0 JavaThread "Reference Handler"          daemon [_thread_blocked, id=32388, stack(0x00000094ad900000,0x00000094ada00000) (1024K)]
  0x000001b5c2c6ca00 JavaThread "Finalizer"                  daemon [_thread_blocked, id=8368, stack(0x00000094ada00000,0x00000094adb00000) (1024K)]
  0x000001b5c2c71890 JavaThread "Signal Dispatcher"          daemon [_thread_blocked, id=47896, stack(0x00000094adb00000,0x00000094adc00000) (1024K)]
  0x000001b5c2c72450 JavaThread "Attach Listener"            daemon [_thread_blocked, id=44552, stack(0x00000094adc00000,0x00000094add00000) (1024K)]
  0x000001b5c2c73010 JavaThread "Service Thread"             daemon [_thread_blocked, id=36428, stack(0x00000094add00000,0x00000094ade00000) (1024K)]
  0x000001b5c2c73d00 JavaThread "Monitor Deflation Thread"   daemon [_thread_blocked, id=34628, stack(0x00000094ade00000,0x00000094adf00000) (1024K)]
  0x000001b5c2c7ee70 JavaThread "C2 CompilerThread0"         daemon [_thread_in_native, id=16220, stack(0x00000094adf00000,0x00000094ae000000) (1024K)]
  0x000001b5c2c8f920 JavaThread "C1 CompilerThread0"         daemon [_thread_blocked, id=46916, stack(0x00000094ae000000,0x00000094ae100000) (1024K)]
  0x000001b5c7089390 JavaThread "Common-Cleaner"             daemon [_thread_blocked, id=45476, stack(0x00000094ae100000,0x00000094ae200000) (1024K)]
=>0x000001b5c71abf20 JavaThread "C2 CompilerThread1"         daemon [_thread_in_native, id=46128, stack(0x00000094ae200000,0x00000094ae300000) (1024K)]
  0x000001b5c71bc740 JavaThread "C2 CompilerThread2"         daemon [_thread_in_native, id=28088, stack(0x00000094ae300000,0x00000094ae400000) (1024K)]
Total: 12

Other Threads:
  0x000001b5c2c59100 VMThread "VM Thread"                           [id=39376, stack(0x00000094ad800000,0x00000094ad900000) (1024K)]
  0x000001b5c2b1d760 WatcherThread "VM Periodic Task Thread"        [id=24764, stack(0x00000094ad700000,0x00000094ad800000) (1024K)]
  0x000001b5a4143020 WorkerThread "GC Thread#0"                     [id=20024, stack(0x00000094ad200000,0x00000094ad300000) (1024K)]
  0x000001b5a415d900 ConcurrentGCThread "G1 Main Marker"            [id=26436, stack(0x00000094ad300000,0x00000094ad400000) (1024K)]
  0x000001b5a41611a0 WorkerThread "G1 Conc#0"                       [id=30060, stack(0x00000094ad400000,0x00000094ad500000) (1024K)]
  0x000001b5a41ae9d0 ConcurrentGCThread "G1 Refine#0"               [id=36724, stack(0x00000094ad500000,0x00000094ad600000) (1024K)]
  0x000001b5c2b105d0 ConcurrentGCThread "G1 Service"                [id=10828, stack(0x00000094ad600000,0x00000094ad700000) (1024K)]
Total: 7

Threads with active compile tasks:
C2 CompilerThread0  2374  371       4       java.util.stream.ReferencePipeline$3$1::accept (20 bytes)
C2 CompilerThread1  2374  378       4       java.util.stream.ReduceOps$3ReducingSink::accept (15 bytes)
C2 CompilerThread2  2374  497   !   4       java.util.zip.ZipFile$Source::checkAndAddEntry (350 bytes)
Total: 3

VM state: not at safepoint (normal execution)

VM Mutex/Monitor currently owned by a thread: None

Heap address: 0x0000000084000000, size: 1984 MB, Compressed Oops mode: 32-bit

CDS archive(s) mapped at: [0x0000000036000000-0x0000000036dd0000-0x0000000036dd0000), size 14483456, SharedBaseAddress: 0x0000000036000000, ArchiveRelocationMode: 1.
Compressed class space mapped at: 0x0000000037000000-0x0000000077000000, reserved size: 1073741824
UseCompressedClassPointers 1, UseCompactObjectHeaders 0
Narrow klass pointer bits 32, Max shift 3
Narrow klass base: 0x0000000036000000, Narrow klass shift: 0
Encoding Range: [0x0000000036000000 - 0x0000000136000000), (4294967296 bytes)
Klass Range:    [0x0000000036010000 - 0x0000000077000000), (1090453504 bytes)
Klass ID Range:  [65536 - 1090519033) (1090453497)
Protection zone: [0x0000000036000000 - 0x0000000036010000), (65536 bytes)

GC Precious Log:
 CardTable entry size: 512
 Card Set container configuration: InlinePtr #cards 5 size 8 Array Of Cards #cards 10 size 36 Howl #buckets 4 coarsen threshold 1843 Howl Bitmap #cards 512 size 80 coarsen threshold 460 Card regions per heap region 1 cards per card region 2048
 CPUs: 8 total, 8 available
 Memory: 7934M
 Large Page Support: Disabled
 NUMA Support: Disabled
 Compressed Oops: Enabled (32-bit)
 Heap Region Size: 1M
 Heap Min Capacity: 8M
 Heap Initial Capacity: 124M
 Heap Max Capacity: 1984M
 Pre-touch: Disabled
 Parallel Workers: 8
 Concurrent Workers: 2
 Concurrent Refinement Workers: 8
 Periodic GC: Disabled

Heap:
 garbage-first heap   total reserved 2031616K, committed 129024K, used 9363K [0x0000000084000000, 0x0000000100000000)
  region size 1024K, 9 young (9216K), 0 survivors (0K)

Heap Regions: E=young(eden), S=young(survivor), O=old, HS=humongous(starts), HC=humongous(continues), CS=collection set, F=free, TAMS=top-at-mark-start, PB=parsable bottom
|   0|0x0000000084000000, 0x0000000084000000, 0x0000000084100000|  0%| F|  |TAMS 0x0000000084000000| PB 0x0000000084000000| Untracked |  0
|   1|0x0000000084100000, 0x0000000084100000, 0x0000000084200000|  0%| F|  |TAMS 0x0000000084100000| PB 0x0000000084100000| Untracked |  0
|   2|0x0000000084200000, 0x0000000084200000, 0x0000000084300000|  0%| F|  |TAMS 0x0000000084200000| PB 0x0000000084200000| Untracked |  0
|   3|0x0000000084300000, 0x0000000084300000, 0x0000000084400000|  0%| F|  |TAMS 0x0000000084300000| PB 0x0000000084300000| Untracked |  0
|   4|0x0000000084400000, 0x0000000084400000, 0x0000000084500000|  0%| F|  |TAMS 0x0000000084400000| PB 0x0000000084400000| Untracked |  0
|   5|0x0000000084500000, 0x0000000084500000, 0x0000000084600000|  0%| F|  |TAMS 0x0000000084500000| PB 0x0000000084500000| Untracked |  0
|   6|0x0000000084600000, 0x0000000084600000, 0x0000000084700000|  0%| F|  |TAMS 0x0000000084600000| PB 0x0000000084600000| Untracked |  0
|   7|0x0000000084700000, 0x0000000084700000, 0x0000000084800000|  0%| F|  |TAMS 0x0000000084700000| PB 0x0000000084700000| Untracked |  0
|   8|0x0000000084800000, 0x0000000084800000, 0x0000000084900000|  0%| F|  |TAMS 0x0000000084800000| PB 0x0000000084800000| Untracked |  0
|   9|0x0000000084900000, 0x0000000084900000, 0x0000000084a00000|  0%| F|  |TAMS 0x0000000084900000| PB 0x0000000084900000| Untracked |  0
|  10|0x0000000084a00000, 0x0000000084a00000, 0x0000000084b00000|  0%| F|  |TAMS 0x0000000084a00000| PB 0x0000000084a00000| Untracked |  0
|  11|0x0000000084b00000, 0x0000000084b00000, 0x0000000084c00000|  0%| F|  |TAMS 0x0000000084b00000| PB 0x0000000084b00000| Untracked |  0
|  12|0x0000000084c00000, 0x0000000084c00000, 0x0000000084d00000|  0%| F|  |TAMS 0x0000000084c00000| PB 0x0000000084c00000| Untracked |  0
|  13|0x0000000084d00000, 0x0000000084d00000, 0x0000000084e00000|  0%| F|  |TAMS 0x0000000084d00000| PB 0x0000000084d00000| Untracked |  0
|  14|0x0000000084e00000, 0x0000000084e00000, 0x0000000084f00000|  0%| F|  |TAMS 0x0000000084e00000| PB 0x0000000084e00000| Untracked |  0
|  15|0x0000000084f00000, 0x0000000084f00000, 0x0000000085000000|  0%| F|  |TAMS 0x0000000084f00000| PB 0x0000000084f00000| Untracked |  0
|  16|0x0000000085000000, 0x0000000085000000, 0x0000000085100000|  0%| F|  |TAMS 0x0000000085000000| PB 0x0000000085000000| Untracked |  0
|  17|0x0000000085100000, 0x0000000085100000, 0x0000000085200000|  0%| F|  |TAMS 0x0000000085100000| PB 0x0000000085100000| Untracked |  0
|  18|0x0000000085200000, 0x0000000085200000, 0x0000000085300000|  0%| F|  |TAMS 0x0000000085200000| PB 0x0000000085200000| Untracked |  0
|  19|0x0000000085300000, 0x0000000085300000, 0x0000000085400000|  0%| F|  |TAMS 0x0000000085300000| PB 0x0000000085300000| Untracked |  0
|  20|0x0000000085400000, 0x0000000085400000, 0x0000000085500000|  0%| F|  |TAMS 0x0000000085400000| PB 0x0000000085400000| Untracked |  0
|  21|0x0000000085500000, 0x0000000085500000, 0x0000000085600000|  0%| F|  |TAMS 0x0000000085500000| PB 0x0000000085500000| Untracked |  0
|  22|0x0000000085600000, 0x0000000085600000, 0x0000000085700000|  0%| F|  |TAMS 0x0000000085600000| PB 0x0000000085600000| Untracked |  0
|  23|0x0000000085700000, 0x0000000085700000, 0x0000000085800000|  0%| F|  |TAMS 0x0000000085700000| PB 0x0000000085700000| Untracked |  0
|  24|0x0000000085800000, 0x0000000085800000, 0x0000000085900000|  0%| F|  |TAMS 0x0000000085800000| PB 0x0000000085800000| Untracked |  0
|  25|0x0000000085900000, 0x0000000085900000, 0x0000000085a00000|  0%| F|  |TAMS 0x0000000085900000| PB 0x0000000085900000| Untracked |  0
|  26|0x0000000085a00000, 0x0000000085a00000, 0x0000000085b00000|  0%| F|  |TAMS 0x0000000085a00000| PB 0x0000000085a00000| Untracked |  0
|  27|0x0000000085b00000, 0x0000000085b00000, 0x0000000085c00000|  0%| F|  |TAMS 0x0000000085b00000| PB 0x0000000085b00000| Untracked |  0
|  28|0x0000000085c00000, 0x0000000085c00000, 0x0000000085d00000|  0%| F|  |TAMS 0x0000000085c00000| PB 0x0000000085c00000| Untracked |  0
|  29|0x0000000085d00000, 0x0000000085d00000, 0x0000000085e00000|  0%| F|  |TAMS 0x0000000085d00000| PB 0x0000000085d00000| Untracked |  0
|  30|0x0000000085e00000, 0x0000000085e00000, 0x0000000085f00000|  0%| F|  |TAMS 0x0000000085e00000| PB 0x0000000085e00000| Untracked |  0
|  31|0x0000000085f00000, 0x0000000085f00000, 0x0000000086000000|  0%| F|  |TAMS 0x0000000085f00000| PB 0x0000000085f00000| Untracked |  0
|  32|0x0000000086000000, 0x0000000086000000, 0x0000000086100000|  0%| F|  |TAMS 0x0000000086000000| PB 0x0000000086000000| Untracked |  0
|  33|0x0000000086100000, 0x0000000086100000, 0x0000000086200000|  0%| F|  |TAMS 0x0000000086100000| PB 0x0000000086100000| Untracked |  0
|  34|0x0000000086200000, 0x0000000086200000, 0x0000000086300000|  0%| F|  |TAMS 0x0000000086200000| PB 0x0000000086200000| Untracked |  0
|  35|0x0000000086300000, 0x0000000086300000, 0x0000000086400000|  0%| F|  |TAMS 0x0000000086300000| PB 0x0000000086300000| Untracked |  0
|  36|0x0000000086400000, 0x0000000086400000, 0x0000000086500000|  0%| F|  |TAMS 0x0000000086400000| PB 0x0000000086400000| Untracked |  0
|  37|0x0000000086500000, 0x0000000086500000, 0x0000000086600000|  0%| F|  |TAMS 0x0000000086500000| PB 0x0000000086500000| Untracked |  0
|  38|0x0000000086600000, 0x0000000086600000, 0x0000000086700000|  0%| F|  |TAMS 0x0000000086600000| PB 0x0000000086600000| Untracked |  0
|  39|0x0000000086700000, 0x0000000086700000, 0x0000000086800000|  0%| F|  |TAMS 0x0000000086700000| PB 0x0000000086700000| Untracked |  0
|  40|0x0000000086800000, 0x0000000086800000, 0x0000000086900000|  0%| F|  |TAMS 0x0000000086800000| PB 0x0000000086800000| Untracked |  0
|  41|0x0000000086900000, 0x0000000086900000, 0x0000000086a00000|  0%| F|  |TAMS 0x0000000086900000| PB 0x0000000086900000| Untracked |  0
|  42|0x0000000086a00000, 0x0000000086a00000, 0x0000000086b00000|  0%| F|  |TAMS 0x0000000086a00000| PB 0x0000000086a00000| Untracked |  0
|  43|0x0000000086b00000, 0x0000000086b00000, 0x0000000086c00000|  0%| F|  |TAMS 0x0000000086b00000| PB 0x0000000086b00000| Untracked |  0
|  44|0x0000000086c00000, 0x0000000086c00000, 0x0000000086d00000|  0%| F|  |TAMS 0x0000000086c00000| PB 0x0000000086c00000| Untracked |  0
|  45|0x0000000086d00000, 0x0000000086d00000, 0x0000000086e00000|  0%| F|  |TAMS 0x0000000086d00000| PB 0x0000000086d00000| Untracked |  0
|  46|0x0000000086e00000, 0x0000000086e00000, 0x0000000086f00000|  0%| F|  |TAMS 0x0000000086e00000| PB 0x0000000086e00000| Untracked |  0
|  47|0x0000000086f00000, 0x0000000086f00000, 0x0000000087000000|  0%| F|  |TAMS 0x0000000086f00000| PB 0x0000000086f00000| Untracked |  0
|  48|0x0000000087000000, 0x0000000087000000, 0x0000000087100000|  0%| F|  |TAMS 0x0000000087000000| PB 0x0000000087000000| Untracked |  0
|  49|0x0000000087100000, 0x0000000087100000, 0x0000000087200000|  0%| F|  |TAMS 0x0000000087100000| PB 0x0000000087100000| Untracked |  0
|  50|0x0000000087200000, 0x0000000087200000, 0x0000000087300000|  0%| F|  |TAMS 0x0000000087200000| PB 0x0000000087200000| Untracked |  0
|  51|0x0000000087300000, 0x0000000087300000, 0x0000000087400000|  0%| F|  |TAMS 0x0000000087300000| PB 0x0000000087300000| Untracked |  0
|  52|0x0000000087400000, 0x0000000087400000, 0x0000000087500000|  0%| F|  |TAMS 0x0000000087400000| PB 0x0000000087400000| Untracked |  0
|  53|0x0000000087500000, 0x0000000087500000, 0x0000000087600000|  0%| F|  |TAMS 0x0000000087500000| PB 0x0000000087500000| Untracked |  0
|  54|0x0000000087600000, 0x0000000087600000, 0x0000000087700000|  0%| F|  |TAMS 0x0000000087600000| PB 0x0000000087600000| Untracked |  0
|  55|0x0000000087700000, 0x0000000087700000, 0x0000000087800000|  0%| F|  |TAMS 0x0000000087700000| PB 0x0000000087700000| Untracked |  0
|  56|0x0000000087800000, 0x0000000087800000, 0x0000000087900000|  0%| F|  |TAMS 0x0000000087800000| PB 0x0000000087800000| Untracked |  0
|  57|0x0000000087900000, 0x0000000087900000, 0x0000000087a00000|  0%| F|  |TAMS 0x0000000087900000| PB 0x0000000087900000| Untracked |  0
|  58|0x0000000087a00000, 0x0000000087a00000, 0x0000000087b00000|  0%| F|  |TAMS 0x0000000087a00000| PB 0x0000000087a00000| Untracked |  0
|  59|0x0000000087b00000, 0x0000000087b00000, 0x0000000087c00000|  0%| F|  |TAMS 0x0000000087b00000| PB 0x0000000087b00000| Untracked |  0
|  60|0x0000000087c00000, 0x0000000087c00000, 0x0000000087d00000|  0%| F|  |TAMS 0x0000000087c00000| PB 0x0000000087c00000| Untracked |  0
|  61|0x0000000087d00000, 0x0000000087d00000, 0x0000000087e00000|  0%| F|  |TAMS 0x0000000087d00000| PB 0x0000000087d00000| Untracked |  0
|  62|0x0000000087e00000, 0x0000000087e00000, 0x0000000087f00000|  0%| F|  |TAMS 0x0000000087e00000| PB 0x0000000087e00000| Untracked |  0
|  63|0x0000000087f00000, 0x0000000087f00000, 0x0000000088000000|  0%| F|  |TAMS 0x0000000087f00000| PB 0x0000000087f00000| Untracked |  0
|  64|0x0000000088000000, 0x0000000088000000, 0x0000000088100000|  0%| F|  |TAMS 0x0000000088000000| PB 0x0000000088000000| Untracked |  0
|  65|0x0000000088100000, 0x0000000088100000, 0x0000000088200000|  0%| F|  |TAMS 0x0000000088100000| PB 0x0000000088100000| Untracked |  0
|  66|0x0000000088200000, 0x0000000088200000, 0x0000000088300000|  0%| F|  |TAMS 0x0000000088200000| PB 0x0000000088200000| Untracked |  0
|  67|0x0000000088300000, 0x0000000088300000, 0x0000000088400000|  0%| F|  |TAMS 0x0000000088300000| PB 0x0000000088300000| Untracked |  0
|  68|0x0000000088400000, 0x0000000088400000, 0x0000000088500000|  0%| F|  |TAMS 0x0000000088400000| PB 0x0000000088400000| Untracked |  0
|  69|0x0000000088500000, 0x0000000088500000, 0x0000000088600000|  0%| F|  |TAMS 0x0000000088500000| PB 0x0000000088500000| Untracked |  0
|  70|0x0000000088600000, 0x0000000088600000, 0x0000000088700000|  0%| F|  |TAMS 0x0000000088600000| PB 0x0000000088600000| Untracked |  0
|  71|0x0000000088700000, 0x0000000088700000, 0x0000000088800000|  0%| F|  |TAMS 0x0000000088700000| PB 0x0000000088700000| Untracked |  0
|  72|0x0000000088800000, 0x0000000088800000, 0x0000000088900000|  0%| F|  |TAMS 0x0000000088800000| PB 0x0000000088800000| Untracked |  0
|  73|0x0000000088900000, 0x0000000088900000, 0x0000000088a00000|  0%| F|  |TAMS 0x0000000088900000| PB 0x0000000088900000| Untracked |  0
|  74|0x0000000088a00000, 0x0000000088a00000, 0x0000000088b00000|  0%| F|  |TAMS 0x0000000088a00000| PB 0x0000000088a00000| Untracked |  0
|  75|0x0000000088b00000, 0x0000000088b00000, 0x0000000088c00000|  0%| F|  |TAMS 0x0000000088b00000| PB 0x0000000088b00000| Untracked |  0
|  76|0x0000000088c00000, 0x0000000088c00000, 0x0000000088d00000|  0%| F|  |TAMS 0x0000000088c00000| PB 0x0000000088c00000| Untracked |  0
|  77|0x0000000088d00000, 0x0000000088d00000, 0x0000000088e00000|  0%| F|  |TAMS 0x0000000088d00000| PB 0x0000000088d00000| Untracked |  0
|  78|0x0000000088e00000, 0x0000000088e00000, 0x0000000088f00000|  0%| F|  |TAMS 0x0000000088e00000| PB 0x0000000088e00000| Untracked |  0
|  79|0x0000000088f00000, 0x0000000088f00000, 0x0000000089000000|  0%| F|  |TAMS 0x0000000088f00000| PB 0x0000000088f00000| Untracked |  0
|  80|0x0000000089000000, 0x0000000089000000, 0x0000000089100000|  0%| F|  |TAMS 0x0000000089000000| PB 0x0000000089000000| Untracked |  0
|  81|0x0000000089100000, 0x0000000089100000, 0x0000000089200000|  0%| F|  |TAMS 0x0000000089100000| PB 0x0000000089100000| Untracked |  0
|  82|0x0000000089200000, 0x0000000089200000, 0x0000000089300000|  0%| F|  |TAMS 0x0000000089200000| PB 0x0000000089200000| Untracked |  0
|  83|0x0000000089300000, 0x0000000089300000, 0x0000000089400000|  0%| F|  |TAMS 0x0000000089300000| PB 0x0000000089300000| Untracked |  0
|  84|0x0000000089400000, 0x0000000089400000, 0x0000000089500000|  0%| F|  |TAMS 0x0000000089400000| PB 0x0000000089400000| Untracked |  0
|  85|0x0000000089500000, 0x0000000089500000, 0x0000000089600000|  0%| F|  |TAMS 0x0000000089500000| PB 0x0000000089500000| Untracked |  0
|  86|0x0000000089600000, 0x0000000089600000, 0x0000000089700000|  0%| F|  |TAMS 0x0000000089600000| PB 0x0000000089600000| Untracked |  0
|  87|0x0000000089700000, 0x0000000089700000, 0x0000000089800000|  0%| F|  |TAMS 0x0000000089700000| PB 0x0000000089700000| Untracked |  0
|  88|0x0000000089800000, 0x0000000089800000, 0x0000000089900000|  0%| F|  |TAMS 0x0000000089800000| PB 0x0000000089800000| Untracked |  0
|  89|0x0000000089900000, 0x0000000089900000, 0x0000000089a00000|  0%| F|  |TAMS 0x0000000089900000| PB 0x0000000089900000| Untracked |  0
|  90|0x0000000089a00000, 0x0000000089a00000, 0x0000000089b00000|  0%| F|  |TAMS 0x0000000089a00000| PB 0x0000000089a00000| Untracked |  0
|  91|0x0000000089b00000, 0x0000000089b00000, 0x0000000089c00000|  0%| F|  |TAMS 0x0000000089b00000| PB 0x0000000089b00000| Untracked |  0
|  92|0x0000000089c00000, 0x0000000089c00000, 0x0000000089d00000|  0%| F|  |TAMS 0x0000000089c00000| PB 0x0000000089c00000| Untracked |  0
|  93|0x0000000089d00000, 0x0000000089d00000, 0x0000000089e00000|  0%| F|  |TAMS 0x0000000089d00000| PB 0x0000000089d00000| Untracked |  0
|  94|0x0000000089e00000, 0x0000000089e00000, 0x0000000089f00000|  0%| F|  |TAMS 0x0000000089e00000| PB 0x0000000089e00000| Untracked |  0
|  95|0x0000000089f00000, 0x0000000089f00000, 0x000000008a000000|  0%| F|  |TAMS 0x0000000089f00000| PB 0x0000000089f00000| Untracked |  0
|  96|0x000000008a000000, 0x000000008a000000, 0x000000008a100000|  0%| F|  |TAMS 0x000000008a000000| PB 0x000000008a000000| Untracked |  0
|  97|0x000000008a100000, 0x000000008a100000, 0x000000008a200000|  0%| F|  |TAMS 0x000000008a100000| PB 0x000000008a100000| Untracked |  0
|  98|0x000000008a200000, 0x000000008a200000, 0x000000008a300000|  0%| F|  |TAMS 0x000000008a200000| PB 0x000000008a200000| Untracked |  0
|  99|0x000000008a300000, 0x000000008a300000, 0x000000008a400000|  0%| F|  |TAMS 0x000000008a300000| PB 0x000000008a300000| Untracked |  0
| 100|0x000000008a400000, 0x000000008a400000, 0x000000008a500000|  0%| F|  |TAMS 0x000000008a400000| PB 0x000000008a400000| Untracked |  0
| 101|0x000000008a500000, 0x000000008a500000, 0x000000008a600000|  0%| F|  |TAMS 0x000000008a500000| PB 0x000000008a500000| Untracked |  0
| 102|0x000000008a600000, 0x000000008a600000, 0x000000008a700000|  0%| F|  |TAMS 0x000000008a600000| PB 0x000000008a600000| Untracked |  0
| 103|0x000000008a700000, 0x000000008a700000, 0x000000008a800000|  0%| F|  |TAMS 0x000000008a700000| PB 0x000000008a700000| Untracked |  0
| 104|0x000000008a800000, 0x000000008a800000, 0x000000008a900000|  0%| F|  |TAMS 0x000000008a800000| PB 0x000000008a800000| Untracked |  0
| 105|0x000000008a900000, 0x000000008a900000, 0x000000008aa00000|  0%| F|  |TAMS 0x000000008a900000| PB 0x000000008a900000| Untracked |  0
| 106|0x000000008aa00000, 0x000000008aa00000, 0x000000008ab00000|  0%| F|  |TAMS 0x000000008aa00000| PB 0x000000008aa00000| Untracked |  0
| 107|0x000000008ab00000, 0x000000008ab00000, 0x000000008ac00000|  0%| F|  |TAMS 0x000000008ab00000| PB 0x000000008ab00000| Untracked |  0
| 108|0x000000008ac00000, 0x000000008ac00000, 0x000000008ad00000|  0%| F|  |TAMS 0x000000008ac00000| PB 0x000000008ac00000| Untracked |  0
| 109|0x000000008ad00000, 0x000000008ad00000, 0x000000008ae00000|  0%| F|  |TAMS 0x000000008ad00000| PB 0x000000008ad00000| Untracked |  0
| 110|0x000000008ae00000, 0x000000008ae00000, 0x000000008af00000|  0%| F|  |TAMS 0x000000008ae00000| PB 0x000000008ae00000| Untracked |  0
| 111|0x000000008af00000, 0x000000008af00000, 0x000000008b000000|  0%| F|  |TAMS 0x000000008af00000| PB 0x000000008af00000| Untracked |  0
| 112|0x000000008b000000, 0x000000008b000000, 0x000000008b100000|  0%| F|  |TAMS 0x000000008b000000| PB 0x000000008b000000| Untracked |  0
| 113|0x000000008b100000, 0x000000008b100000, 0x000000008b200000|  0%| F|  |TAMS 0x000000008b100000| PB 0x000000008b100000| Untracked |  0
| 114|0x000000008b200000, 0x000000008b210008, 0x000000008b300000|  6%| E|  |TAMS 0x000000008b200000| PB 0x000000008b200000| Complete |  0
| 115|0x000000008b300000, 0x000000008b400000, 0x000000008b400000|100%| E|CS|TAMS 0x000000008b300000| PB 0x000000008b300000| Complete |  0
| 116|0x000000008b400000, 0x000000008b500000, 0x000000008b500000|100%| E|CS|TAMS 0x000000008b400000| PB 0x000000008b400000| Complete |  0
| 117|0x000000008b500000, 0x000000008b600000, 0x000000008b600000|100%| E|CS|TAMS 0x000000008b500000| PB 0x000000008b500000| Complete |  0
| 118|0x000000008b600000, 0x000000008b700000, 0x000000008b700000|100%| E|CS|TAMS 0x000000008b600000| PB 0x000000008b600000| Complete |  0
| 119|0x000000008b700000, 0x000000008b800000, 0x000000008b800000|100%| E|CS|TAMS 0x000000008b700000| PB 0x000000008b700000| Complete |  0
| 120|0x000000008b800000, 0x000000008b900000, 0x000000008b900000|100%| E|CS|TAMS 0x000000008b800000| PB 0x000000008b800000| Complete |  0
| 121|0x000000008b900000, 0x000000008ba00000, 0x000000008ba00000|100%| E|CS|TAMS 0x000000008b900000| PB 0x000000008b900000| Complete |  0
| 122|0x000000008ba00000, 0x000000008bb00000, 0x000000008bb00000|100%| E|CS|TAMS 0x000000008ba00000| PB 0x000000008ba00000| Complete |  0
| 123|0x000000008bb00000, 0x000000008bc00000, 0x000000008bc00000|100%| E|CS|TAMS 0x000000008bb00000| PB 0x000000008bb00000| Complete |  0
|1982|0x00000000ffe00000, 0x00000000fff00000, 0x00000000fff00000|100%| O|  |TAMS 0x00000000ffe00000| PB 0x00000000ffe00000| Untracked |  0
|1983|0x00000000fff00000, 0x00000000fff24e30, 0x0000000100000000| 14%| O|  |TAMS 0x00000000fff00000| PB 0x00000000fff00000| Untracked |  0

Card table byte_map: [0x000001b5bdf30000,0x000001b5be310000] _byte_map_base: 0x000001b5bdb10000

Marking Bits: (CMBitMap*) 0x000001b5a41437b0
 Bits: [0x000001b5be310000, 0x000001b5c0210000)

Polling page: 0x000001b5a3e80000

Metaspace:
Metaspace        used 607K, committed 832K, reserved 1114112K
 class space     used 24K, committed 128K, reserved 1048576K

Usage:
  Non-class:    582.77 KB used.
      Class:     24.75 KB used.
       Both:    607.52 KB used.

Virtual space:
  Non-class space:       64.00 MB reserved,     704.00 KB (  1%) committed,  1 nodes.
      Class space:        1.00 GB reserved,     128.00 KB ( <1%) committed,  1 nodes.
             Both:        1.06 GB reserved,     832.00 KB ( <1%) committed. 

Chunk freelists:
   Non-Class:  12.00 MB
       Class:  15.75 MB
        Both:  27.75 MB

MaxMetaspaceSize: unlimited
CompressedClassSpaceSize: 1.00 GB
Initial GC threshold: 21.00 MB
Current GC threshold: 21.00 MB
CDS: on
 - commit_granule_bytes: 65536.
 - commit_granule_words: 8192.
 - virtual_space_node_default_size: 8388608.
 - enlarge_chunks_in_place: 1.
UseCompressedClassPointers 1, UseCompactObjectHeaders 0
Narrow klass pointer bits 32, Max shift 3
Narrow klass base: 0x0000000036000000, Narrow klass shift: 0
Encoding Range: [0x0000000036000000 - 0x0000000136000000), (4294967296 bytes)
Klass Range:    [0x0000000036010000 - 0x0000000077000000), (1090453504 bytes)
Klass ID Range:  [65536 - 1090519033) (1090453497)
Protection zone: [0x0000000036000000 - 0x0000000036010000), (65536 bytes)


Internal statistics:

num_allocs_failed_limit: 0.
num_arena_births: 4.
num_arena_deaths: 0.
num_vsnodes_births: 2.
num_vsnodes_deaths: 0.
num_space_committed: 13.
num_space_uncommitted: 0.
num_chunks_returned_to_freelist: 0.
num_chunks_taken_from_freelist: 4.
num_chunk_merges: 0.
num_chunk_splits: 4.
num_chunks_enlarged: 1.
num_inconsistent_stats: 0.

CodeHeap 'non-profiled nmethods': size=120064Kb used=158Kb max_used=158Kb free=119906Kb
 bounds [0x000001b5b5bb0000, 0x000001b5b5e20000, 0x000001b5bd0f0000]
CodeHeap 'profiled nmethods': size=120000Kb used=484Kb max_used=484Kb free=119515Kb
 bounds [0x000001b5ae0f0000, 0x000001b5ae360000, 0x000001b5b5620000]
CodeHeap 'non-nmethods': size=5696Kb used=1390Kb max_used=1418Kb free=4305Kb
 bounds [0x000001b5b5620000, 0x000001b5b5890000, 0x000001b5b5bb0000]
CodeCache: size=245760Kb, used=2032Kb, max_used=2060Kb, free=243726Kb
 total_blobs=916, nmethods=503, adapters=316, full_count=0
Compilation: enabled, stopped_count=0, restarted_count=0

Compilation events (20 events):
Event: 1.257 Thread 0x000001b5c2c8f920  392       3       java.util.Set::copyOf (40 bytes)
Event: 1.258 Thread 0x000001b5c2c8f920 nmethod 392 0x000001b5ae151588 code [0x000001b5ae151680, 0x000001b5ae152218]
Event: 1.258 Thread 0x000001b5c2c8f920  394       3       java.util.ImmutableCollections$Set12$1::hasNext (13 bytes)
Event: 1.258 Thread 0x000001b5c2c8f920 nmethod 394 0x000001b5ae152288 code [0x000001b5ae152380, 0x000001b5ae1524d8]
Event: 1.258 Thread 0x000001b5c2c8f920  395       1       sun.nio.fs.NativeBuffer::address (5 bytes)
Event: 1.258 Thread 0x000001b5c2c8f920 nmethod 395 0x000001b5b5bc8808 code [0x000001b5b5bc8900, 0x000001b5b5bc89c8]
Event: 1.260 Thread 0x000001b5c2c8f920  397       3       java.util.HashMap::containsKey (14 bytes)
Event: 1.260 Thread 0x000001b5c2c8f920 nmethod 397 0x000001b5ae152588 code [0x000001b5ae152680, 0x000001b5ae152880]
Event: 1.262 Thread 0x000001b5c71bc740 nmethod 379 0x000001b5b5bc9308 code [0x000001b5b5bc9400, 0x000001b5b5bca5a0]
Event: 1.262 Thread 0x000001b5c71bc740  393       4       jdk.internal.module.Checks::isTypeName (49 bytes)
Event: 1.263 Thread 0x000001b5c2c8f920  399       3       java.lang.Float::isNaN (12 bytes)
Event: 1.263 Thread 0x000001b5c2c8f920 nmethod 399 0x000001b5ae152888 code [0x000001b5ae152980, 0x000001b5ae152ad8]
Event: 1.263 Thread 0x000001b5c2c8f920  403       3       java.util.HashMap::tableSizeFor (32 bytes)
Event: 1.263 Thread 0x000001b5c2c8f920 nmethod 403 0x000001b5ae152b88 code [0x000001b5ae152c80, 0x000001b5ae152e70]
Event: 1.263 Thread 0x000001b5c2c8f920  400       3       java.util.stream.ReferencePipeline$StatelessOp::<init> (29 bytes)
Event: 1.263 Thread 0x000001b5c2c8f920 nmethod 400 0x000001b5ae152e88 code [0x000001b5ae152f80, 0x000001b5ae153138]
Event: 1.263 Thread 0x000001b5c2c8f920  401       3       java.util.stream.ReferencePipeline::<init> (7 bytes)
Event: 1.263 Thread 0x000001b5c2c8f920 nmethod 401 0x000001b5ae153188 code [0x000001b5ae153280, 0x000001b5ae1533b0]
Event: 1.263 Thread 0x000001b5c2c8f920  402       3       java.util.stream.AbstractPipeline::<init> (76 bytes)
Event: 1.263 Thread 0x000001b5c2c8f920 nmethod 402 0x000001b5ae153488 code [0x000001b5ae153580, 0x000001b5ae153a50]

GC Heap Usage History (0 events):
No events

Metaspace Usage History (0 events):
No events

Dll operation events (4 events):
Event: 0.029 Loaded shared library C:\Users\innoc\.jdks\openjdk-25\bin\java.dll
Event: 0.143 Loaded shared library C:\Users\innoc\.jdks\openjdk-25\bin\net.dll
Event: 0.148 Loaded shared library C:\Users\innoc\.jdks\openjdk-25\bin\nio.dll
Event: 0.159 Loaded shared library C:\Users\innoc\.jdks\openjdk-25\bin\zip.dll

Deoptimization events (6 events):
Event: 0.204 Thread 0x000001b5a40ecd50 Uncommon trap: trap_request=0xffffff45 fr.pc=0x000001b5b5bc1384 relative=0x0000000000000084
Event: 0.204 Thread 0x000001b5a40ecd50 Uncommon trap: reason=unstable_if action=reinterpret pc=0x000001b5b5bc1384 method=java.lang.CharacterDataLatin1.isJavaIdentifierPart(I)Z @ 11 c2
Event: 0.204 Thread 0x000001b5a40ecd50 DEOPT PACKING pc=0x000001b5b5bc1384 sp=0x00000094ad1fd610
Event: 0.204 Thread 0x000001b5a40ecd50 DEOPT UNPACKING pc=0x000001b5b574f002 sp=0x00000094ad1fd588 mode 2
Event: 0.212 Thread 0x000001b5a40ecd50 DEOPT PACKING pc=0x000001b5ae13c7e7 sp=0x00000094ad1fd740
Event: 0.212 Thread 0x000001b5a40ecd50 DEOPT UNPACKING pc=0x000001b5b56712a2 sp=0x00000094ad1fcbd0 mode 0

Classes loaded (20 events):
Event: 0.151 Loading class sun/nio/fs/WindowsPath$WindowsPathWithAttributes
Event: 0.151 Loading class sun/nio/fs/BasicFileAttributesHolder
Event: 0.151 Loading class sun/nio/fs/BasicFileAttributesHolder done
Event: 0.151 Loading class sun/nio/fs/WindowsPath$WindowsPathWithAttributes done
Event: 0.180 Loading class jdk/internal/module/ModuleInfo
Event: 0.181 Loading class jdk/internal/module/ModuleInfo done
Event: 0.181 Loading class jdk/internal/module/ModuleInfo$CountingDataInput
Event: 0.181 Loading class jdk/internal/module/ModuleInfo$CountingDataInput done
Event: 0.183 Loading class jdk/internal/module/ModuleInfo$ConstantPool
Event: 0.183 Loading class jdk/internal/module/ModuleInfo$ConstantPool done
Event: 0.183 Loading class jdk/internal/module/ModuleInfo$ConstantPool$Entry
Event: 0.183 Loading class jdk/internal/module/ModuleInfo$ConstantPool$Entry done
Event: 0.183 Loading class jdk/internal/module/ModuleInfo$ConstantPool$IndexEntry
Event: 0.184 Loading class jdk/internal/module/ModuleInfo$ConstantPool$IndexEntry done
Event: 0.184 Loading class jdk/internal/module/ModuleInfo$ConstantPool$ValueEntry
Event: 0.184 Loading class jdk/internal/module/ModuleInfo$ConstantPool$ValueEntry done
Event: 0.199 Loading class java/util/WeakHashMap$KeyIterator
Event: 0.199 Loading class java/util/WeakHashMap$HashIterator
Event: 0.199 Loading class java/util/WeakHashMap$HashIterator done
Event: 0.199 Loading class java/util/WeakHashMap$KeyIterator done

Classes unloaded (0 events):
No events

Classes redefined (0 events):
No events

Internal exceptions (1 events):
Event: 0.149 Thread 0x000001b5a40ecd50 Exception <a 'sun/nio/fs/WindowsException'{0x000000008b943de8}> (0x000000008b943de8) 
thrown [s\open\src\hotspot\share\prims\jni.cpp, line 516]

VM Operations (2 events):
Event: 0.160 Executing non-safepoint VM operation: HandshakeAllThreads (Deoptimize)
Event: 0.160 Executing non-safepoint VM operation: HandshakeAllThreads (Deoptimize) done

Memory protections (0 events):
No events

Nmethod flushes (0 events):
No events

Events (12 events):
Event: 0.071 Thread 0x000001b5a40ecd50 Thread added: 0x000001b5a40ecd50
Event: 0.089 Thread 0x000001b5a40ecd50 Thread added: 0x000001b5c2c6bfa0
Event: 0.090 Thread 0x000001b5a40ecd50 Thread added: 0x000001b5c2c6ca00
Event: 0.090 Thread 0x000001b5a40ecd50 Thread added: 0x000001b5c2c71890
Event: 0.090 Thread 0x000001b5a40ecd50 Thread added: 0x000001b5c2c72450
Event: 0.090 Thread 0x000001b5a40ecd50 Thread added: 0x000001b5c2c73010
Event: 0.090 Thread 0x000001b5a40ecd50 Thread added: 0x000001b5c2c73d00
Event: 0.090 Thread 0x000001b5a40ecd50 Thread added: 0x000001b5c2c7ee70
Event: 0.090 Thread 0x000001b5a40ecd50 Thread added: 0x000001b5c2c8f920
Event: 0.141 Thread 0x000001b5a40ecd50 Thread added: 0x000001b5c7089390
Event: 0.205 Thread 0x000001b5c2c8f920 Thread added: 0x000001b5c71abf20
Event: 0.206 Thread 0x000001b5c2c8f920 Thread added: 0x000001b5c71bc740


Dynamic libraries:
0x00007ff6c59e0000 - 0x00007ff6c59ee000 	C:\Users\innoc\.jdks\openjdk-25\bin\java.exe
0x00007fff72b20000 - 0x00007fff72d89000 	C:\WINDOWS\SYSTEM32\ntdll.dll
0x00007fff71190000 - 0x00007fff71259000 	C:\WINDOWS\System32\KERNEL32.DLL
0x00007fff6ff20000 - 0x00007fff70313000 	C:\WINDOWS\System32\KERNELBASE.dll
0x00007fff70320000 - 0x00007fff7046b000 	C:\WINDOWS\System32\ucrtbase.dll
0x00007fff4f7c0000 - 0x00007fff4f7d7000 	C:\Users\innoc\.jdks\openjdk-25\bin\jli.dll
0x00007fff54900000 - 0x00007fff5491e000 	C:\Users\innoc\.jdks\openjdk-25\bin\VCRUNTIME140.dll
0x00007fff713a0000 - 0x00007fff71564000 	C:\WINDOWS\System32\USER32.dll
0x00007fff5b880000 - 0x00007fff5bb13000 	C:\WINDOWS\WinSxS\amd64_microsoft.windows.common-controls_6595b64144ccf1df_6.0.26100.5074_none_3e0d6f78e32fd63f\COMCTL32.dll
0x00007fff70510000 - 0x00007fff70537000 	C:\WINDOWS\System32\win32u.dll
0x00007fff71570000 - 0x00007fff71619000 	C:\WINDOWS\System32\msvcrt.dll
0x00007fff71620000 - 0x00007fff7164b000 	C:\WINDOWS\System32\GDI32.dll
0x00007fff6fcb0000 - 0x00007fff6fddd000 	C:\WINDOWS\System32\gdi32full.dll
0x00007fff6fde0000 - 0x00007fff6fe83000 	C:\WINDOWS\System32\msvcp_win.dll
0x00007fff71070000 - 0x00007fff7109f000 	C:\WINDOWS\System32\IMM32.DLL
0x00007fff5a360000 - 0x00007fff5a36c000 	C:\Users\innoc\.jdks\openjdk-25\bin\vcruntime140_1.dll
0x00007fff3e1d0000 - 0x00007fff3e25d000 	C:\Users\innoc\.jdks\openjdk-25\bin\msvcp140.dll
0x00007ffed5dc0000 - 0x00007ffed6c1f000 	C:\Users\innoc\.jdks\openjdk-25\bin\server\jvm.dll
0x00007fff70a20000 - 0x00007fff70ad4000 	C:\WINDOWS\System32\ADVAPI32.dll
0x00007fff70940000 - 0x00007fff709e6000 	C:\WINDOWS\System32\sechost.dll
0x00007fff71a60000 - 0x00007fff71b78000 	C:\WINDOWS\System32\RPCRT4.dll
0x00007fff70b60000 - 0x00007fff70bd4000 	C:\WINDOWS\System32\WS2_32.dll
0x00007fff6fb10000 - 0x00007fff6fb6e000 	C:\WINDOWS\SYSTEM32\POWRPROF.dll
0x00007fff5bcf0000 - 0x00007fff5bd25000 	C:\WINDOWS\SYSTEM32\WINMM.dll
0x00007fff695d0000 - 0x00007fff695db000 	C:\WINDOWS\SYSTEM32\VERSION.dll
0x00007fff6faf0000 - 0x00007fff6fb04000 	C:\WINDOWS\SYSTEM32\UMPDC.dll
0x00007fff6ea90000 - 0x00007fff6eaab000 	C:\WINDOWS\SYSTEM32\kernel.appcore.dll
0x00007fff5a350000 - 0x00007fff5a35a000 	C:\Users\innoc\.jdks\openjdk-25\bin\jimage.dll
0x00007fff6cfd0000 - 0x00007fff6d212000 	C:\WINDOWS\SYSTEM32\DBGHELP.DLL
0x00007fff71e00000 - 0x00007fff7217b000 	C:\WINDOWS\System32\combase.dll
0x00007fff710b0000 - 0x00007fff71187000 	C:\WINDOWS\System32\OLEAUT32.dll
0x00007fff46c70000 - 0x00007fff46cad000 	C:\WINDOWS\SYSTEM32\dbgcore.DLL
0x00007fff70470000 - 0x00007fff70509000 	C:\WINDOWS\System32\bcryptPrimitives.dll
0x00007fff5a340000 - 0x00007fff5a350000 	C:\Users\innoc\.jdks\openjdk-25\bin\instrument.dll
0x00007fff4dfe0000 - 0x00007fff4dfff000 	C:\Users\innoc\.jdks\openjdk-25\bin\java.dll
0x00007fff71830000 - 0x00007fff719c8000 	C:\WINDOWS\System32\ole32.dll
0x00007fff721f0000 - 0x00007fff7293d000 	C:\WINDOWS\System32\SHELL32.dll
0x00007fff70780000 - 0x00007fff708ec000 	C:\WINDOWS\System32\wintypes.dll
0x00007fff6d950000 - 0x00007fff6e1a9000 	C:\WINDOWS\SYSTEM32\windows.storage.dll
0x00007fff71d00000 - 0x00007fff71df0000 	C:\WINDOWS\System32\SHCORE.dll
0x00007fff72180000 - 0x00007fff721e2000 	C:\WINDOWS\System32\shlwapi.dll
0x00007fff6fbd0000 - 0x00007fff6fbf9000 	C:\WINDOWS\SYSTEM32\profapi.dll
0x00007fff4df40000 - 0x00007fff4df52000 	C:\Users\innoc\.jdks\openjdk-25\bin\net.dll
0x00007fff6f010000 - 0x00007fff6f07b000 	C:\WINDOWS\system32\mswsock.dll
0x00007fff4bc30000 - 0x00007fff4bc46000 	C:\Users\innoc\.jdks\openjdk-25\bin\nio.dll
0x00007fff4b6a0000 - 0x00007fff4b6b7000 	C:\Users\innoc\.jdks\openjdk-25\bin\zip.dll

JVMTI agents:
C:\Program Files\JetBrains\IntelliJ IDEA 2025.2.2\lib\idea_rt.jar path:C:\Users\innoc\.jdks\openjdk-25\bin\instrument.dll, loaded, initialized, instrumentlib options:58603

dbghelp: loaded successfully - version: 4.0.5 - missing functions: none
symbol engine: initialized successfully - sym options: 0x614 - pdb path: .;C:\Users\innoc\.jdks\openjdk-25\bin;C:\WINDOWS\SYSTEM32;C:\WINDOWS\WinSxS\amd64_microsoft.windows.common-controls_6595b64144ccf1df_6.0.26100.5074_none_3e0d6f78e32fd63f;C:\Users\innoc\.jdks\openjdk-25\bin\server

VM Arguments:
jvm_args: --module-path=C:\Users\innoc\Downloads\openjfx-25_windows-x64_bin-sdk\javafx-sdk-25\lib --add-modules=javafx.controls,javafx.fxml -javaagent:C:\Program Files\JetBrains\IntelliJ IDEA 2025.2.2\lib\idea_rt.jar=58603 -Dfile.encoding=UTF-8 -Dsun.stdout.encoding=UTF-8 -Dsun.stderr.encoding=UTF-8 
java_command: com.comp2042.Main
java_class_path (initial): C:\Users\innoc\OneDrive\Desktop\Y2\DMS\Class\CW2025\target\classes;C:\Users\innoc\.m2\repository\org\openjfx\javafx-controls\21.0.6\javafx-controls-21.0.6.jar;C:\Users\innoc\.m2\repository\org\openjfx\javafx-controls\21.0.6\javafx-controls-21.0.6-win.jar;C:\Users\innoc\.m2\repository\org\openjfx\javafx-graphics\21.0.6\javafx-graphics-21.0.6.jar;C:\Users\innoc\.m2\repository\org\openjfx\javafx-graphics\21.0.6\javafx-graphics-21.0.6-win.jar;C:\Users\innoc\.m2\repository\org\openjfx\javafx-base\21.0.6\javafx-base-21.0.6.jar;C:\Users\innoc\.m2\repository\org\openjfx\javafx-base\21.0.6\javafx-base-21.0.6-win.jar;C:\Users\innoc\.m2\repository\org\openjfx\javafx-fxml\21.0.6\javafx-fxml-21.0.6.jar;C:\Users\innoc\.m2\repository\org\openjfx\javafx-fxml\21.0.6\javafx-fxml-21.0.6-win.jar
Launcher Type: SUN_STANDARD

[Global flags]
     intx CICompilerCount                          = 4                                         {product} {ergonomic}
     uint ConcGCThreads                            = 2                                         {product} {ergonomic}
     uint G1ConcRefinementThreads                  = 8                                         {product} {ergonomic}
   size_t G1HeapRegionSize                         = 1048576                                   {product} {ergonomic}
   size_t InitialHeapSize                          = 130023424                                 {product} {ergonomic}
   size_t MarkStackSize                            = 4194304                                   {product} {ergonomic}
   size_t MarkStackSizeMax                         = 536870912                                 {product} {ergonomic}
   size_t MaxHeapSize                              = 2080374784                                {product} {ergonomic}
   size_t MaxNewSize                               = 1247805440                                {product} {ergonomic}
   size_t MinHeapDeltaBytes                        = 1048576                                   {product} {ergonomic}
   size_t MinHeapSize                              = 8388608                                   {product} {ergonomic}
    uintx NonNMethodCodeHeapSize                   = 5832704                                {pd product} {ergonomic}
    uintx NonProfiledCodeHeapSize                  = 122945536                              {pd product} {ergonomic}
    uintx ProfiledCodeHeapSize                     = 122880000                              {pd product} {ergonomic}
    uintx ReservedCodeCacheSize                    = 251658240                              {pd product} {ergonomic}
     bool SegmentedCodeCache                       = true                                      {product} {ergonomic}
   size_t SoftMaxHeapSize                          = 2080374784                             {manageable} {ergonomic}
     bool UseCompressedOops                        = true                           {product lp64_product} {ergonomic}
     bool UseG1GC                                  = true                                      {product} {ergonomic}
     bool UseLargePagesIndividualAllocation        = false                                  {pd product} {ergonomic}

Logging:
Log output configuration:
 #0: stdout all=warning uptime,level,tags foldmultilines=false
 #1: stderr all=off uptime,level,tags foldmultilines=false

Release file:
<release file has not been read>
Environment Variables:
JAVA_HOME=C:\Users\innoc\Downloads\nand2tetris\tools 
PATH=C:\Program Files\Common Files\Oracle\Java\javapath;C:\ProgramData\Oracle\Java\javapath;C:\WINDOWS\system32;C:\WINDOWS;C:\WINDOWS\System32\Wbem;C:\WINDOWS\System32\WindowsPowerShell\v1.0\;C:\WINDOWS\System32\OpenSSH\;C:\Program Files\Microsoft VS Code\bin;C:\Program Files\Git\cmd;C:\Program Files\nodejs\;C:\ProgramData\chocolatey\bin;C:\Program Files (x86)\dotnet\;C:\php\php-8.4.5;C:\Program Files\dotnet\;C:\MinGW\bin;C:\Users\innoc\AppData\Local\Microsoft\WindowsApps;C:\Users\innoc\AppData\Local\atom\bin;C:\Users\innoc\AppData\Local\Programs\Microsoft VS Code\bin;C:\Users\innoc\AppData\Local\GitHubDesktop\bin;C:\Users\innoc\AppData\Roaming\npm;;C:\ghcup\bin;C:\tools\ghc-9.8.2\bin;C:\tools\msys64;C:\Users\innoc\AppData\Local\Microsoft\WindowsApps;C:\Program Files\JetBrains\IntelliJ IDEA 2025.2.2\bin
USERNAME=innoc
OS=Windows_NT
PROCESSOR_IDENTIFIER=Intel64 Family 6 Model 126 Stepping 5, GenuineIntel
TMP=C:\Users\innoc\AppData\Local\Temp
TEMP=C:\Users\innoc\AppData\Local\Temp




Compilation memory statistics disabled.

Periodic native trim disabled

---------------  S Y S T E M  ---------------

OS:
 Windows 11 , 64 bit Build 26100 (10.0.26100.5074)
OS uptime: 12 days 11:41 hours

CPU: total 8 (initial active 8) (4 cores per cpu, 2 threads per core) family 6 model 126 stepping 5 microcode 0xa8, cx8, cmov, fxsr, ht, mmx, 3dnowpref, sse, sse2, sse3, ssse3, sse4.1, sse4.2, popcnt, lzcnt, tsc, tscinvbit, avx, avx2, aes, erms, clmul, bmi1, bmi2, adx, avx512f, avx512dq, avx512cd, avx512bw, avx512vl, sha, fma, vzeroupper, avx512_vpopcntdq, avx512_vpclmulqdq, avx512_vaes, avx512_vnni, clflush, clflushopt, avx512_vbmi2, avx512_vbmi, rdtscp, rdpid, fsrm, gfni, avx512_bitalg, f16c, pku, avx512_ifma
Processor Information for the first 8 processors :
  Max Mhz: 1190, Current Mhz: 991, Mhz Limit: 987

Memory: 4k page, system-wide physical 7934M (830M free)
TotalPageFile size 32510M (AvailPageFile size 12M)
current process WorkingSet (physical memory assigned to process): 65M, peak: 65M
current process commit charge ("private bytes"): 225M, peak: 225M

vm_info: OpenJDK 64-Bit Server VM (25+36-3489) for windows-amd64 JRE (25+36-3489), built on 2025-08-12T17:19:28Z with unknown MS VC++:1943

END.
