#
# There is insufficient memory for the Java Runtime Environment to continue.
# Native memory allocation (mmap) failed to map 130023424 bytes. Error detail: G1 virtual space
# Possible reasons:
#   The system is out of physical RAM or swap space
#   This process is running with CompressedOops enabled, and the Java Heap may be blocking the growth of the native heap
# Possible solutions:
#   Reduce memory load on the system
#   Increase physical memory or swap space
#   Check if swap backing store is full
#   Decrease Java heap size (-Xmx/-Xms)
#   Decrease number of Java threads
#   Decrease Java thread stack sizes (-Xss)
#   Set larger code cache with -XX:ReservedCodeCacheSize=
#   JVM is running with Unscaled Compressed Oops mode in which the Java heap is
#     placed in the first 4GB address space. The Java Heap base address is the
#     maximum limit for the native heap growth. Please use -XX:HeapBaseMinAddress
#     to set the Java Heap base and to place the Java Heap above 4GB virtual address.
# This output file may be truncated or incomplete.
#
#  Out of Memory Error (os_windows.cpp:3554), pid=21912, tid=4004
#
# JRE version:  (25.0+36) (build )
# Java VM: OpenJDK 64-Bit Server VM (25+36-3489, mixed mode, sharing, tiered, compressed oops, compressed class ptrs, g1 gc, windows-amd64)
# No core dump will be written. Minidumps are not enabled by default on client versions of Windows
#

---------------  S U M M A R Y ------------

Command Line: --module-path=C:\Users\innoc\Downloads\openjfx-25_windows-x64_bin-sdk\javafx-sdk-25\lib --add-modules=javafx.controls,javafx.fxml -javaagent:C:\Program Files\JetBrains\IntelliJ IDEA 2025.2.2\lib\idea_rt.jar=50473 -Dfile.encoding=UTF-8 -Dsun.stdout.encoding=UTF-8 -Dsun.stderr.encoding=UTF-8 com.comp2042.Main

Host: Intel(R) Core(TM) i5-1035G1 CPU @ 1.00GHz, 8 cores, 7G,  Windows 11 , 64 bit Build 26100 (10.0.26100.5074)
Time: Thu Oct 16 15:52:50 2025 Malay Peninsula Standard Time elapsed time: 1.313671 seconds (0d 0h 0m 1s)

---------------  T H R E A D  ---------------

Current thread (0x000002211e1c3030):  JavaThread "Unknown thread" [_thread_in_vm, id=4004, stack(0x000000c8bb500000,0x000000c8bb600000) (1024K)]

Stack: [0x000000c8bb500000,0x000000c8bb600000]
Native frames: (J=compiled Java code, j=interpreted, Vv=VM code, C=native code)
V  [jvm.dll+0x7a6a39]  (no source info available)
V  [jvm.dll+0x7727ed]  (no source info available)
V  [jvm.dll+0x965f33]  (no source info available)
V  [jvm.dll+0x968531]  (no source info available)
V  [jvm.dll+0x968c33]  (no source info available)
V  [jvm.dll+0x2fc756]  (no source info available)
V  [jvm.dll+0x7a2c65]  (no source info available)
V  [jvm.dll+0x796077]  (no source info available)
V  [jvm.dll+0x3f4698]  (no source info available)
V  [jvm.dll+0x3fc5b6]  (no source info available)
V  [jvm.dll+0x3e8c8e]  (no source info available)
V  [jvm.dll+0x3e8f48]  (no source info available)
V  [jvm.dll+0x3c0045]  (no source info available)
V  [jvm.dll+0x3c0cce]  (no source info available)
V  [jvm.dll+0x92c647]  (no source info available)
V  [jvm.dll+0x458b62]  (no source info available)
V  [jvm.dll+0x90fff2]  (no source info available)
V  [jvm.dll+0x4f9001]  (no source info available)
V  [jvm.dll+0x4fa891]  (no source info available)
C  [jli.dll+0x543e]  (no source info available)
C  [ucrtbase.dll+0x37b0]  (no source info available)
C  [KERNEL32.DLL+0x2e8d7]  (no source info available)
C  [ntdll.dll+0x8d9c]  (no source info available)

Lock stack of current Java thread (top to bottom):


---------------  P R O C E S S  ---------------

Threads class SMR info:
_java_thread_list=0x00007ffed6ab5308, length=0, elements={
}

Java Threads: ( => current thread )
Total: 0

Other Threads:
  0x0000022120588ba0 WorkerThread "GC Thread#0"                     [id=35232, stack(0x000000c8bb600000,0x000000c8bb700000) (1024K)]
  0x000002211e28e950 ConcurrentGCThread "G1 Main Marker"            [id=33236, stack(0x000000c8bb700000,0x000000c8bb800000) (1024K)]
  0x00000221205bd8f0 WorkerThread "G1 Conc#0"                       [id=45236, stack(0x000000c8bb800000,0x000000c8bb900000) (1024K)]

[error occurred during error reporting (printing all threads), id 0xc0000005, EXCEPTION_ACCESS_VIOLATION (0xc0000005) at pc=0x00007ffed6194c2a]
VM state: not at safepoint (not fully initialized)

VM Mutex/Monitor currently owned by a thread:  ([mutex/lock_event])
[0x00007ffed6b39628] Heap_lock - owner thread: 0x000002211e1c3030

Heap address: 0x0000000084000000, size: 1984 MB, Compressed Oops mode: 32-bit

CDS archive(s) mapped at: [0x0000000000000000-0x0000000000000000-0x0000000000000000), size 0, SharedBaseAddress: 0x0000000800000000, ArchiveRelocationMode: 1.
UseCompressedClassPointers 1, UseCompactObjectHeaders 0
Narrow klass pointer bits 32, Max shift 3
Narrow klass base: 0xffffffffffffffff, Narrow klass shift: -1
Encoding Range: [0xffffffffffffffff - 0x000000007fffffff), (2147483648 bytes)
Klass Range:    [0x0000000000000000 - 0x0000000000000000), (0 bytes)
Klass ID Range:  [4294967295 - 0) (1)
No protection zone.

GC Precious Log:
 CardTable entry size: 512
 Card Set container configuration: InlinePtr #cards 5 size 8 Array Of Cards #cards 10 size 36 Howl #buckets 4 coarsen threshold 1843 Howl Bitmap #cards 512 size 80 coarsen threshold 460 Card regions per heap region 1 cards per card region 2048

Heap:
 garbage-first heap   total reserved 2031616K, committed 0K, used 0K [0x0000000084000000, 0x0000000100000000)
  region size 1024K, 0 young (0K), 0 survivors (0K)

Heap Regions: E=young(eden), S=young(survivor), O=old, HS=humongous(starts), HC=humongous(continues), CS=collection set, F=free, TAMS=top-at-mark-start, PB=parsable bottom

Card table byte_map: [0x00000221385d0000,0x00000221389b0000] _byte_map_base: 0x00000221381b0000

Marking Bits: (CMBitMap*) 0x0000022120589330
 Bits: [0x00000221389b0000, 0x000002213a8b0000)

GC Heap Usage History (0 events):
No events

Metaspace Usage History (0 events):
No events

Dll operation events (1 events):
Event: 0.116 Loaded shared library C:\Users\innoc\.jdks\openjdk-25\bin\java.dll

Deoptimization events (0 events):
No events

Classes loaded (0 events):
No events

Classes unloaded (0 events):
No events

Classes redefined (0 events):
No events

Internal exceptions (0 events):
No events

VM Operations (0 events):
No events

Memory protections (0 events):
No events

Nmethod flushes (0 events):
No events

Events (0 events):
No events


Dynamic libraries:
0x00007ff788fe0000 - 0x00007ff788fee000 	C:\Users\innoc\.jdks\openjdk-25\bin\java.exe
0x00007fff72b20000 - 0x00007fff72d89000 	C:\WINDOWS\SYSTEM32\ntdll.dll
0x00007fff71190000 - 0x00007fff71259000 	C:\WINDOWS\System32\KERNEL32.DLL
0x00007fff6ff20000 - 0x00007fff70313000 	C:\WINDOWS\System32\KERNELBASE.dll
0x00007fff70320000 - 0x00007fff7046b000 	C:\WINDOWS\System32\ucrtbase.dll
0x00007fff69960000 - 0x00007fff69977000 	C:\Users\innoc\.jdks\openjdk-25\bin\jli.dll
0x00007fff713a0000 - 0x00007fff71564000 	C:\WINDOWS\System32\USER32.dll
0x00007fff60220000 - 0x00007fff6023e000 	C:\Users\innoc\.jdks\openjdk-25\bin\VCRUNTIME140.dll
0x00007fff70510000 - 0x00007fff70537000 	C:\WINDOWS\System32\win32u.dll
0x00007fff5b880000 - 0x00007fff5bb13000 	C:\WINDOWS\WinSxS\amd64_microsoft.windows.common-controls_6595b64144ccf1df_6.0.26100.5074_none_3e0d6f78e32fd63f\COMCTL32.dll
0x00007fff71620000 - 0x00007fff7164b000 	C:\WINDOWS\System32\GDI32.dll
0x00007fff71570000 - 0x00007fff71619000 	C:\WINDOWS\System32\msvcrt.dll
0x00007fff6fcb0000 - 0x00007fff6fddd000 	C:\WINDOWS\System32\gdi32full.dll
0x00007fff6fde0000 - 0x00007fff6fe83000 	C:\WINDOWS\System32\msvcp_win.dll
0x00007fff71070000 - 0x00007fff7109f000 	C:\WINDOWS\System32\IMM32.DLL
0x00007fff6c8d0000 - 0x00007fff6c8dc000 	C:\Users\innoc\.jdks\openjdk-25\bin\vcruntime140_1.dll
0x00007fff4b5f0000 - 0x00007fff4b67d000 	C:\Users\innoc\.jdks\openjdk-25\bin\msvcp140.dll
0x00007ffed5dc0000 - 0x00007ffed6c1f000 	C:\Users\innoc\.jdks\openjdk-25\bin\server\jvm.dll
0x00007fff70a20000 - 0x00007fff70ad4000 	C:\WINDOWS\System32\ADVAPI32.dll
0x00007fff70940000 - 0x00007fff709e6000 	C:\WINDOWS\System32\sechost.dll
0x00007fff71a60000 - 0x00007fff71b78000 	C:\WINDOWS\System32\RPCRT4.dll
0x00007fff70b60000 - 0x00007fff70bd4000 	C:\WINDOWS\System32\WS2_32.dll
0x00007fff695d0000 - 0x00007fff695db000 	C:\WINDOWS\SYSTEM32\VERSION.dll
0x00007fff6fb10000 - 0x00007fff6fb6e000 	C:\WINDOWS\SYSTEM32\POWRPROF.dll
0x00007fff5bcf0000 - 0x00007fff5bd25000 	C:\WINDOWS\SYSTEM32\WINMM.dll
0x00007fff6faf0000 - 0x00007fff6fb04000 	C:\WINDOWS\SYSTEM32\UMPDC.dll
0x00007fff6ea90000 - 0x00007fff6eaab000 	C:\WINDOWS\SYSTEM32\kernel.appcore.dll
0x00007fff6aac0000 - 0x00007fff6aaca000 	C:\Users\innoc\.jdks\openjdk-25\bin\jimage.dll
0x00007fff6cfd0000 - 0x00007fff6d212000 	C:\WINDOWS\SYSTEM32\DBGHELP.DLL
0x00007fff71e00000 - 0x00007fff7217b000 	C:\WINDOWS\System32\combase.dll
0x00007fff710b0000 - 0x00007fff71187000 	C:\WINDOWS\System32\OLEAUT32.dll
0x00007fff46c70000 - 0x00007fff46cad000 	C:\WINDOWS\SYSTEM32\dbgcore.DLL
0x00007fff70470000 - 0x00007fff70509000 	C:\WINDOWS\System32\bcryptPrimitives.dll
0x00007fff61b70000 - 0x00007fff61b80000 	C:\Users\innoc\.jdks\openjdk-25\bin\instrument.dll
0x00007fff60200000 - 0x00007fff6021f000 	C:\Users\innoc\.jdks\openjdk-25\bin\java.dll
0x00007fff71830000 - 0x00007fff719c8000 	C:\WINDOWS\System32\ole32.dll
0x00007fff721f0000 - 0x00007fff7293d000 	C:\WINDOWS\System32\SHELL32.dll
0x00007fff70780000 - 0x00007fff708ec000 	C:\WINDOWS\System32\wintypes.dll

JVMTI agents:
C:\Program Files\JetBrains\IntelliJ IDEA 2025.2.2\lib\idea_rt.jar path:none, loaded, not initialized, instrumentlib options:50473

dbghelp: loaded successfully - version: 4.0.5 - missing functions: none
symbol engine: initialized successfully - sym options: 0x614 - pdb path: .;C:\Users\innoc\.jdks\openjdk-25\bin;C:\WINDOWS\SYSTEM32;C:\WINDOWS\WinSxS\amd64_microsoft.windows.common-controls_6595b64144ccf1df_6.0.26100.5074_none_3e0d6f78e32fd63f;C:\Users\innoc\.jdks\openjdk-25\bin\server

VM Arguments:
jvm_args: --module-path=C:\Users\innoc\Downloads\openjfx-25_windows-x64_bin-sdk\javafx-sdk-25\lib --add-modules=javafx.controls,javafx.fxml -javaagent:C:\Program Files\JetBrains\IntelliJ IDEA 2025.2.2\lib\idea_rt.jar=50473 -Dfile.encoding=UTF-8 -Dsun.stdout.encoding=UTF-8 -Dsun.stderr.encoding=UTF-8 
java_command: com.comp2042.Main
java_class_path (initial): C:\Users\innoc\OneDrive\Desktop\Y2\DMS\Class\CW2025\target\classes;C:\Users\innoc\.m2\repository\org\openjfx\javafx-controls\21.0.6\javafx-controls-21.0.6.jar;C:\Users\innoc\.m2\repository\org\openjfx\javafx-controls\21.0.6\javafx-controls-21.0.6-win.jar;C:\Users\innoc\.m2\repository\org\openjfx\javafx-graphics\21.0.6\javafx-graphics-21.0.6.jar;C:\Users\innoc\.m2\repository\org\openjfx\javafx-graphics\21.0.6\javafx-graphics-21.0.6-win.jar;C:\Users\innoc\.m2\repository\org\openjfx\javafx-base\21.0.6\javafx-base-21.0.6.jar;C:\Users\innoc\.m2\repository\org\openjfx\javafx-base\21.0.6\javafx-base-21.0.6-win.jar;C:\Users\innoc\.m2\repository\org\openjfx\javafx-fxml\21.0.6\javafx-fxml-21.0.6.jar;C:\Users\innoc\.m2\repository\org\openjfx\javafx-fxml\21.0.6\javafx-fxml-21.0.6-win.jar
Launcher Type: SUN_STANDARD

[Global flags]
     intx CICompilerCount                          = 4                                         {product} {ergonomic}
     uint ConcGCThreads                            = 2                                         {product} {ergonomic}
     uint G1ConcRefinementThreads                  = 8                                         {product} {ergonomic}
   size_t G1HeapRegionSize                         = 1048576                                   {product} {ergonomic}
   size_t InitialHeapSize                          = 130023424                                 {product} {ergonomic}
   size_t MarkStackSize                            = 4194304                                   {product} {ergonomic}
   size_t MarkStackSizeMax                         = 536870912                                 {product} {ergonomic}
   size_t MaxHeapSize                              = 2080374784                                {product} {ergonomic}
   size_t MinHeapDeltaBytes                        = 1048576                                   {product} {ergonomic}
   size_t MinHeapSize                              = 8388608                                   {product} {ergonomic}
    uintx NonNMethodCodeHeapSize                   = 5832704                                {pd product} {ergonomic}
    uintx NonProfiledCodeHeapSize                  = 122945536                              {pd product} {ergonomic}
    uintx ProfiledCodeHeapSize                     = 122880000                              {pd product} {ergonomic}
    uintx ReservedCodeCacheSize                    = 251658240                              {pd product} {ergonomic}
     bool SegmentedCodeCache                       = true                                      {product} {ergonomic}
   size_t SoftMaxHeapSize                          = 2080374784                             {manageable} {ergonomic}
     bool UseCompressedOops                        = true                           {product lp64_product} {ergonomic}
     bool UseG1GC                                  = true                                      {product} {ergonomic}
     bool UseLargePagesIndividualAllocation        = false                                  {pd product} {ergonomic}

Logging:
Log output configuration:
 #0: stdout all=warning uptime,level,tags foldmultilines=false
 #1: stderr all=off uptime,level,tags foldmultilines=false

Release file:
<release file has not been read>
Environment Variables:
JAVA_HOME=C:\Users\innoc\Downloads\nand2tetris\tools 
PATH=C:\Program Files\Common Files\Oracle\Java\javapath;C:\ProgramData\Oracle\Java\javapath;C:\WINDOWS\system32;C:\WINDOWS;C:\WINDOWS\System32\Wbem;C:\WINDOWS\System32\WindowsPowerShell\v1.0\;C:\WINDOWS\System32\OpenSSH\;C:\Program Files\Microsoft VS Code\bin;C:\Program Files\Git\cmd;C:\Program Files\nodejs\;C:\ProgramData\chocolatey\bin;C:\Program Files (x86)\dotnet\;C:\php\php-8.4.5;C:\Program Files\dotnet\;C:\MinGW\bin;C:\Users\innoc\AppData\Local\Microsoft\WindowsApps;C:\Users\innoc\AppData\Local\atom\bin;C:\Users\innoc\AppData\Local\Programs\Microsoft VS Code\bin;C:\Users\innoc\AppData\Local\GitHubDesktop\bin;C:\Users\innoc\AppData\Roaming\npm;;C:\ghcup\bin;C:\tools\ghc-9.8.2\bin;C:\tools\msys64;C:\Users\innoc\AppData\Local\Microsoft\WindowsApps;C:\Program Files\JetBrains\IntelliJ IDEA 2025.2.2\bin
USERNAME=innoc
OS=Windows_NT
PROCESSOR_IDENTIFIER=Intel64 Family 6 Model 126 Stepping 5, GenuineIntel
TMP=C:\Users\innoc\AppData\Local\Temp
TEMP=C:\Users\innoc\AppData\Local\Temp




Compilation memory statistics disabled.

Periodic native trim disabled

---------------  S Y S T E M  ---------------

OS:
 Windows 11 , 64 bit Build 26100 (10.0.26100.5074)
OS uptime: 12 days 11:19 hours

CPU: total 8 (initial active 8) (4 cores per cpu, 2 threads per core) family 6 model 126 stepping 5 microcode 0xa8, cx8, cmov, fxsr, ht, mmx, 3dnowpref, sse, sse2, sse3, ssse3, sse4.1, sse4.2, popcnt, lzcnt, tsc, tscinvbit, avx, avx2, aes, erms, clmul, bmi1, bmi2, adx, avx512f, avx512dq, avx512cd, avx512bw, avx512vl, sha, fma, vzeroupper, avx512_vpopcntdq, avx512_vpclmulqdq, avx512_vaes, avx512_vnni, clflush, clflushopt, avx512_vbmi2, avx512_vbmi, rdtscp, rdpid, fsrm, gfni, avx512_bitalg, f16c, pku, avx512_ifma
Processor Information for the first 8 processors :
  Max Mhz: 1190, Current Mhz: 991, Mhz Limit: 987

Memory: 4k page, system-wide physical 7934M (654M free)
TotalPageFile size 32510M (AvailPageFile size 65M)
current process WorkingSet (physical memory assigned to process): 13M, peak: 13M
current process commit charge ("private bytes"): 61M, peak: 184M

vm_info: OpenJDK 64-Bit Server VM (25+36-3489) for windows-amd64 JRE (25+36-3489), built on 2025-08-12T17:19:28Z with unknown MS VC++:1943

END.
